TN:
SF:src/index.ts
FN:13,(anonymous_2)
FN:21,Iris
FN:40,(anonymous_4)
FN:66,(anonymous_5)
FN:151,(anonymous_6)
FN:159,(anonymous_7)
FN:36,(anonymous_8)
FN:37,(anonymous_9)
FN:77,(anonymous_10)
FN:79,(anonymous_11)
FN:85,(anonymous_12)
FN:93,(anonymous_13)
FN:110,(anonymous_14)
FN:137,(anonymous_15)
FN:144,(anonymous_16)
FNF:15
FNH:11
FNDA:1,(anonymous_2)
FNDA:7,Iris
FNDA:4,(anonymous_4)
FNDA:2,(anonymous_5)
FNDA:5,(anonymous_6)
FNDA:0,(anonymous_7)
FNDA:0,(anonymous_8)
FNDA:0,(anonymous_9)
FNDA:4,(anonymous_10)
FNDA:4,(anonymous_11)
FNDA:5,(anonymous_12)
FNDA:1,(anonymous_13)
FNDA:4,(anonymous_14)
FNDA:4,(anonymous_15)
FNDA:0,(anonymous_16)
DA:13,1
DA:15,7
DA:16,7
DA:17,7
DA:21,11
DA:23,7
DA:24,1
DA:27,6
DA:36,6
DA:37,6
DA:40,7
DA:41,4
DA:44,4
DA:45,4
DA:46,4
DA:47,4
DA:48,4
DA:49,4
DA:50,4
DA:51,4
DA:52,4
DA:53,4
DA:54,4
DA:57,4
DA:60,4
DA:63,4
DA:66,4
DA:67,2
DA:68,2
DA:77,4
DA:79,4
DA:85,5
DA:87,5
DA:89,5
DA:91,1
DA:93,1
DA:94,1
DA:95,1
DA:97,1
DA:98,1
DA:100,1
DA:103,4
DA:110,1
DA:111,4
DA:113,4
DA:116,4
DA:117,4
DA:137,4
DA:138,4
DA:140,4
DA:141,4
DA:144,4
DA:145,0
DA:148,4
DA:151,7
DA:152,5
DA:153,1
DA:154,1
DA:158,5
DA:159,1
DA:160,0
DA:161,0
DA:162,0
DA:163,0
DA:167,1
DA:170,1
DA:172,1
LF:67
LH:62
BRDA:21,0,0,4
BRDA:50,1,0,4
BRDA:50,1,1,0
BRDA:53,2,0,4
BRDA:53,2,1,0
BRDA:67,3,0,2
BRDA:68,4,0,2
BRDA:68,4,1,0
BRDA:152,5,0,1
BRDA:158,6,0,1
BRDA:162,7,0,0
BRDA:23,8,0,1
BRDA:23,9,0,7
BRDA:23,9,1,6
BRDA:89,10,0,1
BRDA:89,10,1,4
BRDA:94,11,0,1
BRDA:94,12,0,1
BRDA:94,12,1,1
BRDA:100,13,0,1
BRDA:100,13,1,1
BRDA:101,14,0,1
BRDA:101,14,1,0
BRDA:103,15,0,4
BRDA:103,15,1,4
BRDA:111,16,0,0
BRDA:116,17,0,4
BRDA:138,18,0,0
BRF:28
BRH:21
end_of_record
